<?xml version="1.0" encoding="UTF-8"?>
<!-- Generated by org.testng.reporters.JUnitReportReporter -->
<testsuite skipped="0" hostname="IETSMH02D098" name="Com.GeneoStudent.Testcases.LoginPageTest" tests="1" failures="0" timestamp="14 Mar 2018 10:00:28 GMT" time="9.954" errors="0">
  <testcase name="Show_Password_Test" time="9.954" classname="Com.GeneoStudent.Testcases.LoginPageTest"/>
</testsuite> <!-- Com.GeneoStudent.Testcases.LoginPageTest -->
