<?xml version="1.0" encoding="UTF-8"?>
<!-- Generated by org.testng.reporters.JUnitReportReporter -->
<testsuite skipped="0" hostname="IETSMH02D098" name="Com.GeneoStudent.Testcases.LoginPageTest" tests="1" failures="0" timestamp="14 Mar 2018 11:39:00 GMT" time="14.153" errors="0">
  <testcase name="LoginTest" time="14.153" classname="Com.GeneoStudent.Testcases.LoginPageTest"/>
</testsuite> <!-- Com.GeneoStudent.Testcases.LoginPageTest -->
