<?xml version="1.0" encoding="UTF-8"?>
<!-- Generated by org.testng.reporters.JUnitReportReporter -->
<testsuite skipped="0" hostname="IETSMH02D098" name="Com.GeneoStudent.Testcases.Index_Page_Test" tests="1" failures="0" timestamp="15 Mar 2018 12:41:27 GMT" time="121.953" errors="0">
  <testcase name="Index_Page_SignOut_PopUp_60_sec_AutoSignOut_Test1" time="121.953" classname="Com.GeneoStudent.Testcases.Index_Page_Test"/>
</testsuite> <!-- Com.GeneoStudent.Testcases.Index_Page_Test -->
