<?xml version="1.0" encoding="UTF-8"?>
<!-- Generated by org.testng.reporters.JUnitReportReporter -->
<testsuite skipped="0" hostname="Atul" name="Com.GeneoStudent.Testcases.CoverPageTest" tests="1" failures="0" timestamp="17 Mar 2018 18:37:12 GMT" time="86.451" errors="0">
  <testcase name="Cover_Page_Help_W_Close_Button_Test" time="86.451" classname="Com.GeneoStudent.Testcases.CoverPageTest"/>
</testsuite> <!-- Com.GeneoStudent.Testcases.CoverPageTest -->
