<?xml version="1.0" encoding="UTF-8"?>
<!-- Generated by org.testng.reporters.JUnitReportReporter -->
<testsuite skipped="0" hostname="Atul" name="Com.GeneoStudent.Testcases.LoginPageTest" tests="2" failures="0" timestamp="12 Mar 2018 14:24:09 GMT" time="166.017" errors="0">
  <testcase name="LoginTest" time="85.802" classname="Com.GeneoStudent.Testcases.LoginPageTest"/>
  <testcase name="Login_Correct_ID_Incorrect_Password_Test" time="80.215" classname="Com.GeneoStudent.Testcases.LoginPageTest"/>
</testsuite> <!-- Com.GeneoStudent.Testcases.LoginPageTest -->
