<?xml version="1.0" encoding="UTF-8"?>
<!-- Generated by org.testng.reporters.JUnitReportReporter -->
<testsuite skipped="0" hostname="IETSMH02D098" name="Com.GeneoStudent.Testcases.CoverPageTest" tests="1" failures="0" timestamp="14 Mar 2018 15:55:41 GMT" time="45.482" errors="0">
  <testcase name="Cover_Page_SignOut_Button_Test" time="45.482" classname="Com.GeneoStudent.Testcases.CoverPageTest"/>
</testsuite> <!-- Com.GeneoStudent.Testcases.CoverPageTest -->
