<?xml version="1.0" encoding="UTF-8"?>
<!-- Generated by org.testng.reporters.JUnitReportReporter -->
<testsuite skipped="0" hostname="IETSMH02D098" name="Com.GeneoStudent.Testcases.Index_Page_Test" tests="1" failures="0" timestamp="16 Mar 2018 11:08:22 GMT" time="26.901" errors="0">
  <testcase name="Index_Page_menu_Lock_Screen_Button_Test" time="26.901" classname="Com.GeneoStudent.Testcases.Index_Page_Test"/>
</testsuite> <!-- Com.GeneoStudent.Testcases.Index_Page_Test -->
