<?xml version="1.0" encoding="UTF-8"?>
<!-- Generated by org.testng.reporters.JUnitReportReporter -->
<testsuite skipped="0" hostname="IETSMH02D098" name="Com.GeneoStudent.Testcases.Cover_Page_Change_Password_Test" tests="1" failures="1" timestamp="29 Mar 2018 13:11:08 GMT" time="25.949" errors="0">
  <testcase name="Cover_Pg_Change_Password_Blank_Input_Test" time="25.949" classname="Com.GeneoStudent.Testcases.Cover_Page_Change_Password_Test">
    <failure type="java.lang.AssertionError" message="Cover page change Password save button is not working expected [lease fill all the fields.] but found [Please fill all the fields.]">
      <![CDATA[java.lang.AssertionError: Cover page change Password save button is not working expected [lease fill all the fields.] but found [Please fill all the fields.]
	at org.testng.Assert.fail(Assert.java:93)
	at org.testng.Assert.failNotEquals(Assert.java:512)
	at org.testng.Assert.assertEqualsImpl(Assert.java:134)
	at org.testng.Assert.assertEquals(Assert.java:115)
	at org.testng.Assert.assertEquals(Assert.java:189)
	at Com.GeneoStudent.Testcases.Cover_Page_Change_Password_Test.Cover_Pg_Change_Password_Blank_Input_Test(Cover_Page_Change_Password_Test.java:46)
	at sun.reflect.NativeMethodAccessorImpl.invoke0(Native Method)
	at sun.reflect.NativeMethodAccessorImpl.invoke(Unknown Source)
	at sun.reflect.DelegatingMethodAccessorImpl.invoke(Unknown Source)
	at java.lang.reflect.Method.invoke(Unknown Source)
	at org.testng.internal.MethodInvocationHelper.invokeMethod(MethodInvocationHelper.java:108)
	at org.testng.internal.Invoker.invokeMethod(Invoker.java:661)
	at org.testng.internal.Invoker.invokeTestMethod(Invoker.java:869)
	at org.testng.internal.Invoker.invokeTestMethods(Invoker.java:1193)
	at org.testng.internal.TestMethodWorker.invokeTestMethods(TestMethodWorker.java:126)
	at org.testng.internal.TestMethodWorker.run(TestMethodWorker.java:109)
	at java.util.concurrent.ThreadPoolExecutor.runWorker(Unknown Source)
	at java.util.concurrent.ThreadPoolExecutor$Worker.run(Unknown Source)
	at java.lang.Thread.run(Unknown Source)
]]>
    </failure>
  </testcase> <!-- Cover_Pg_Change_Password_Blank_Input_Test -->
</testsuite> <!-- Com.GeneoStudent.Testcases.Cover_Page_Change_Password_Test -->
