<?xml version="1.0" encoding="UTF-8"?>
<!-- Generated by org.testng.reporters.JUnitReportReporter -->
<testsuite skipped="0" hostname="IETSMH02D098" name="Com.GeneoStudent.Testcases.Cover_Page_Change_Password_Test" tests="1" failures="0" timestamp="19 Mar 2018 14:37:41 GMT" time="36.066" errors="0">
  <testcase name="Cover_Pg_Change_Password_New_OLD_Pass_Mismatch_Input_Test" time="36.066" classname="Com.GeneoStudent.Testcases.Cover_Page_Change_Password_Test"/>
</testsuite> <!-- Com.GeneoStudent.Testcases.Cover_Page_Change_Password_Test -->
