<?xml version="1.0" encoding="UTF-8"?>
<!-- Generated by org.testng.reporters.JUnitReportReporter -->
<testsuite skipped="0" hostname="Atul" name="Com.GeneoStudent.Testcases.LoginPageTest" tests="1" failures="0" timestamp="12 Mar 2018 17:17:21 GMT" time="82.292" errors="0">
  <testcase name="Forgot_Password_Blank_ID_test" time="82.292" classname="Com.GeneoStudent.Testcases.LoginPageTest"/>
</testsuite> <!-- Com.GeneoStudent.Testcases.LoginPageTest -->
