<?xml version="1.0" encoding="UTF-8"?>
<!-- Generated by org.testng.reporters.JUnitReportReporter -->
<testsuite skipped="0" hostname="IETSMH02D098" name="Com.GeneoStudent.Testcases.CoverPageTest" tests="1" failures="0" timestamp="15 Mar 2018 12:07:29 GMT" time="142.153" errors="0">
  <testcase name="Cover_Page_SignOut_PopUp_60_sec_AutoSignOut_Test2" time="142.153" classname="Com.GeneoStudent.Testcases.CoverPageTest"/>
</testsuite> <!-- Com.GeneoStudent.Testcases.CoverPageTest -->
