<?xml version="1.0" encoding="UTF-8"?>
<!-- Generated by org.testng.reporters.JUnitReportReporter -->
<testsuite skipped="0" hostname="IETSMH02D098" name="Com.GeneoStudent.Testcases.Index_Page_Test" tests="1" failures="0" timestamp="14 Mar 2018 16:00:57 GMT" time="53.185" errors="0">
  <testcase name="Index_Page_SignOut_Button_Test" time="53.185" classname="Com.GeneoStudent.Testcases.Index_Page_Test"/>
</testsuite> <!-- Com.GeneoStudent.Testcases.Index_Page_Test -->
